<?xml version="1.0" encoding="UTF-8"?>
<!-- Generated by org.testng.reporters.JUnitXMLReporter -->
<testsuite ignored="0" hostname="Bhargava" failures="0" tests="3" name="CucumberJava" time="11.842" errors="0"
           timestamp="2024-01-28T19:16:31 IST">
    <testcase classname="io.cucumber.testng.AbstractTestNGCucumberTests" name="runScenario" time="0.052"/>
    <testcase classname="io.cucumber.testng.AbstractTestNGCucumberTests" name="runScenario" time="5.702"/>
    <testcase classname="io.cucumber.testng.AbstractTestNGCucumberTests" name="runScenario" time="5.623"/>
</testsuite> <!-- CucumberJava -->