<?xml version="1.0" encoding="UTF-8"?>
<!-- Generated by org.testng.reporters.JUnitXMLReporter -->
<testsuite ignored="0" hostname="Bhargava" failures="0" tests="3" name="CucumberJava" time="12.188" errors="0"
           timestamp="2024-01-28T19:40:32 IST">
    <testcase classname="io.cucumber.testng.AbstractTestNGCucumberTests" name="runScenario" time="0.051"/>
    <testcase classname="io.cucumber.testng.AbstractTestNGCucumberTests" name="runScenario" time="6.045"/>
    <testcase classname="io.cucumber.testng.AbstractTestNGCucumberTests" name="runScenario" time="5.629"/>
</testsuite> <!-- CucumberJava -->