<?xml version="1.0" encoding="UTF-8"?>
<testng-results ignored="0" total="1" passed="1" failed="0" skipped="0">
  <reporter-output>
  </reporter-output>
  <suite started-at="2024-01-28T13:11:28 IST" name="Default Suite" finished-at="2024-01-28T13:11:40 IST" duration-ms="11879">
    <groups>
      <group name="cucumber">
        <method signature="AbstractTestNGCucumberTests.runScenario(io.cucumber.testng.PickleWrapper,io.cucumber.testng.FeatureWrapper)[pri:0, instance:testRunner.TestRunner@5906ebcb]" name="runScenario" class="io.cucumber.testng.AbstractTestNGCucumberTests"/>
      </group> <!-- cucumber -->
    </groups>
    <test started-at="2024-01-28T13:11:28 IST" name="CucumberJava" finished-at="2024-01-28T13:11:40 IST" duration-ms="11879">
      <class name="testRunner.TestRunner">
        <test-method is-config="true" signature="setUpClass(org.testng.ITestContext)[pri:0, instance:testRunner.TestRunner@5906ebcb]" started-at="2024-01-28T13:11:28 IST" name="setUpClass" finished-at="2024-01-28T13:11:28 IST" duration-ms="386" status="PASS">
          <params>
            <param index="0">
              <value>
                <![CDATA[org.testng.TestRunner@770b3be0]]>
              </value>
            </param>
          </params>
          <reporter-output>
          </reporter-output>
        </test-method> <!-- setUpClass -->
        <test-method signature="runScenario(io.cucumber.testng.PickleWrapper,io.cucumber.testng.FeatureWrapper)[pri:0, instance:testRunner.TestRunner@5906ebcb]" started-at="2024-01-28T13:11:28 IST" name="runScenario" description="Runs Cucumber Scenarios" data-provider="scenarios" finished-at="2024-01-28T13:11:40 IST" duration-ms="11441" status="PASS">
          <params>
            <param index="0">
              <value>
                <![CDATA["This is a login scenario"]]>
              </value>
            </param>
            <param index="1">
              <value>
                <![CDATA["This is a login test"]]>
              </value>
            </param>
          </params>
          <reporter-output>
          </reporter-output>
        </test-method> <!-- runScenario -->
        <test-method is-config="true" signature="tearDownClass()[pri:0, instance:testRunner.TestRunner@5906ebcb]" started-at="2024-01-28T13:11:40 IST" name="tearDownClass" finished-at="2024-01-28T13:11:40 IST" duration-ms="22" status="PASS">
          <reporter-output>
          </reporter-output>
        </test-method> <!-- tearDownClass -->
      </class> <!-- testRunner.TestRunner -->
    </test> <!-- CucumberJava -->
  </suite> <!-- Default Suite -->
</testng-results>
